Preorden: 
[1 (4, 4) 15.00 - 2 (1, 1) 1.00 rojo 3 (5, 5) -9.00 azul 4 (2, 2) 25.00 verde 5 (3, 3) 30.00 amarillo]
Postorden: 
[1 (5, 5) -9.00 azul 2 (1, 1) 1.00 rojo 3 (3, 3) 30.00 amarillo 4 (2, 2) 25.00 verde 5 (4, 4) 15.00 -]
Inorden: 
[1 (5, 5) -9.00 azul 2 (1, 1) 1.00 rojo 3 (4, 4) 15.00 - 4 (2, 2) 25.00 verde 5 (3, 3) 30.00 amarillo]
Niveles: 
[1 (4, 4) 15.00 - 2 (1, 1) 1.00 rojo 3 (2, 2) 25.00 verde 4 (5, 5) -9.00 azul 5 (3, 3) 30.00 amarillo]

Preorden: 
[1 (2, 2) 25.00 verde 2 (1, 1) 1.00 rojo 3 (5, 5) -15.00 azul 4 (4, 4) 13.00 - 5 (3, 3) 35.00 amarillo]
Postorden: 
[1 (5, 5) -15.00 azul 2 (4, 4) 13.00 - 3 (1, 1) 1.00 rojo 4 (3, 3) 35.00 amarillo 5 (2, 2) 25.00 verde]
Inorden: 
[1 (5, 5) -15.00 azul 2 (1, 1) 1.00 rojo 3 (4, 4) 13.00 - 4 (2, 2) 25.00 verde 5 (3, 3) 35.00 amarillo]
Niveles: 
[1 (2, 2) 25.00 verde 2 (1, 1) 1.00 rojo 3 (3, 3) 35.00 amarillo 4 (5, 5) -15.00 azul 5 (4, 4) 13.00 -]

Preorden: 
[1 (30, 30) 8.00 amarillo 2 (50, 50) -6.00 azul 3 (10, 10) 10.00 rojo 4 (20, 20) 22.00 verde 5 (40, 40) 14.00 -]
Postorden: 
[1 (50, 50) -6.00 azul 2 (40, 40) 14.00 - 3 (20, 20) 22.00 verde 4 (10, 10) 10.00 rojo 5 (30, 30) 8.00 amarillo]
Inorden: 
[1 (50, 50) -6.00 azul 2 (30, 30) 8.00 amarillo 3 (10, 10) 10.00 rojo 4 (40, 40) 14.00 - 5 (20, 20) 22.00 verde]
Niveles: 
[1 (30, 30) 8.00 amarillo 2 (50, 50) -6.00 azul 3 (10, 10) 10.00 rojo 4 (20, 20) 22.00 verde 5 (40, 40) 14.00 -]

Preorden: 
[1 (4, 4) 15.00 - 2 (1, 1) 1.00 rojo 3 (5, 5) -9.00 azul 4 (5, 5) -15.00 azul 5 (4, 4) 13.00 - 6 (2, 2) 25.00 verde 7 (3, 3) 30.00 amarillo 8 (3, 3) 35.00 amarillo]
Postorden: 
[1 (5, 5) -15.00 azul 2 (5, 5) -9.00 azul 3 (4, 4) 13.00 - 4 (1, 1) 1.00 rojo 5 (3, 3) 35.00 amarillo 6 (3, 3) 30.00 amarillo 7 (2, 2) 25.00 verde 8 (4, 4) 15.00 -]
Inorden: 
[1 (5, 5) -15.00 azul 2 (5, 5) -9.00 azul 3 (1, 1) 1.00 rojo 4 (4, 4) 13.00 - 5 (4, 4) 15.00 - 6 (2, 2) 25.00 verde 7 (3, 3) 30.00 amarillo 8 (3, 3) 35.00 amarillo]
Niveles: 
[1 (4, 4) 15.00 - 2 (1, 1) 1.00 rojo 3 (2, 2) 25.00 verde 4 (5, 5) -9.00 azul 5 (4, 4) 13.00 - 6 (3, 3) 30.00 amarillo 7 (5, 5) -15.00 azul 8 (3, 3) 35.00 amarillo]

Preorden: 
[1 (4, 4) 15.00 - 2 (1, 1) 1.00 rojo 3 (5, 5) -9.00 azul 4 (50, 50) -6.00 azul 5 (30, 30) 8.00 amarillo 6 (10, 10) 10.00 rojo 7 (40, 40) 14.00 - 8 (2, 2) 25.00 verde 9 (20, 20) 22.00 verde 10 (3, 3) 30.00 amarillo]
Postorden: 
[1 (50, 50) -6.00 azul 2 (5, 5) -9.00 azul 3 (40, 40) 14.00 - 4 (10, 10) 10.00 rojo 5 (30, 30) 8.00 amarillo 6 (1, 1) 1.00 rojo 7 (20, 20) 22.00 verde 8 (3, 3) 30.00 amarillo 9 (2, 2) 25.00 verde 10 (4, 4) 15.00 -]
Inorden: 
[1 (5, 5) -9.00 azul 2 (50, 50) -6.00 azul 3 (1, 1) 1.00 rojo 4 (30, 30) 8.00 amarillo 5 (10, 10) 10.00 rojo 6 (40, 40) 14.00 - 7 (4, 4) 15.00 - 8 (20, 20) 22.00 verde 9 (2, 2) 25.00 verde 10 (3, 3) 30.00 amarillo]
Niveles: 
[1 (4, 4) 15.00 - 2 (1, 1) 1.00 rojo 3 (2, 2) 25.00 verde 4 (5, 5) -9.00 azul 5 (30, 30) 8.00 amarillo 6 (20, 20) 22.00 verde 7 (3, 3) 30.00 amarillo 8 (50, 50) -6.00 azul 9 (10, 10) 10.00 rojo 10 (40, 40) 14.00 -]

Preorden: 
[1 (2, 2) 25.00 verde 2 (1, 1) 1.00 rojo 3 (5, 5) -15.00 azul 4 (50, 50) -6.00 azul 5 (4, 4) 13.00 - 6 (30, 30) 8.00 amarillo 7 (10, 10) 10.00 rojo 8 (40, 40) 14.00 - 9 (20, 20) 22.00 verde 10 (3, 3) 35.00 amarillo]
Postorden: 
[1 (50, 50) -6.00 azul 2 (5, 5) -15.00 azul 3 (10, 10) 10.00 rojo 4 (30, 30) 8.00 amarillo 5 (20, 20) 22.00 verde 6 (40, 40) 14.00 - 7 (4, 4) 13.00 - 8 (1, 1) 1.00 rojo 9 (3, 3) 35.00 amarillo 10 (2, 2) 25.00 verde]
Inorden: 
[1 (5, 5) -15.00 azul 2 (50, 50) -6.00 azul 3 (1, 1) 1.00 rojo 4 (30, 30) 8.00 amarillo 5 (10, 10) 10.00 rojo 6 (4, 4) 13.00 - 7 (40, 40) 14.00 - 8 (20, 20) 22.00 verde 9 (2, 2) 25.00 verde 10 (3, 3) 35.00 amarillo]
Niveles: 
[1 (2, 2) 25.00 verde 2 (1, 1) 1.00 rojo 3 (3, 3) 35.00 amarillo 4 (5, 5) -15.00 azul 5 (4, 4) 13.00 - 6 (50, 50) -6.00 azul 7 (30, 30) 8.00 amarillo 8 (40, 40) 14.00 - 9 (10, 10) 10.00 rojo 10 (20, 20) 22.00 verde]

Preorden: 
[1 (4, 4) 15.00 - 2 (1, 1) 1.00 rojo 3 (5, 5) -9.00 azul 4 (5, 5) -15.00 azul 5 (50, 50) -6.00 azul 6 (4, 4) 13.00 - 7 (30, 30) 8.00 amarillo 8 (10, 10) 10.00 rojo 9 (40, 40) 14.00 - 10 (2, 2) 25.00 verde 11 (20, 20) 22.00 verde 12 (3, 3) 30.00 amarillo 13 (3, 3) 35.00 amarillo]
Postorden: 
[1 (5, 5) -15.00 azul 2 (50, 50) -6.00 azul 3 (5, 5) -9.00 azul 4 (10, 10) 10.00 rojo 5 (30, 30) 8.00 amarillo 6 (40, 40) 14.00 - 7 (4, 4) 13.00 - 8 (1, 1) 1.00 rojo 9 (20, 20) 22.00 verde 10 (3, 3) 35.00 amarillo 11 (3, 3) 30.00 amarillo 12 (2, 2) 25.00 verde 13 (4, 4) 15.00 -]
Inorden: 
[1 (5, 5) -15.00 azul 2 (5, 5) -9.00 azul 3 (50, 50) -6.00 azul 4 (1, 1) 1.00 rojo 5 (30, 30) 8.00 amarillo 6 (10, 10) 10.00 rojo 7 (4, 4) 13.00 - 8 (40, 40) 14.00 - 9 (4, 4) 15.00 - 10 (20, 20) 22.00 verde 11 (2, 2) 25.00 verde 12 (3, 3) 30.00 amarillo 13 (3, 3) 35.00 amarillo]
Niveles: 
[1 (4, 4) 15.00 - 2 (1, 1) 1.00 rojo 3 (2, 2) 25.00 verde 4 (5, 5) -9.00 azul 5 (4, 4) 13.00 - 6 (20, 20) 22.00 verde 7 (3, 3) 30.00 amarillo 8 (5, 5) -15.00 azul 9 (50, 50) -6.00 azul 10 (30, 30) 8.00 amarillo 11 (40, 40) 14.00 - 12 (3, 3) 35.00 amarillo 13 (10, 10) 10.00 rojo]

Preorden: 
[1 (4, 4) 15.00 - 2 (1, 1) 1.00 rojo 3 (5, 5) -9.00 azul 4 (5, 5) -15.00 azul 5 (50, 50) -6.00 azul 6 (30, 30) 8.00 amarillo 7 (10, 10) 10.00 rojo 8 (40, 40) 14.00 - 9 (4, 4) 13.00 - 10 (2, 2) 25.00 verde 11 (20, 20) 22.00 verde 12 (3, 3) 30.00 amarillo 13 (3, 3) 35.00 amarillo]
Postorden: 
[1 (5, 5) -15.00 azul 2 (50, 50) -6.00 azul 3 (5, 5) -9.00 azul 4 (4, 4) 13.00 - 5 (40, 40) 14.00 - 6 (10, 10) 10.00 rojo 7 (30, 30) 8.00 amarillo 8 (1, 1) 1.00 rojo 9 (20, 20) 22.00 verde 10 (3, 3) 35.00 amarillo 11 (3, 3) 30.00 amarillo 12 (2, 2) 25.00 verde 13 (4, 4) 15.00 -]
Inorden: 
[1 (5, 5) -15.00 azul 2 (5, 5) -9.00 azul 3 (50, 50) -6.00 azul 4 (1, 1) 1.00 rojo 5 (30, 30) 8.00 amarillo 6 (10, 10) 10.00 rojo 7 (4, 4) 13.00 - 8 (40, 40) 14.00 - 9 (4, 4) 15.00 - 10 (20, 20) 22.00 verde 11 (2, 2) 25.00 verde 12 (3, 3) 30.00 amarillo 13 (3, 3) 35.00 amarillo]
Niveles: 
[1 (4, 4) 15.00 - 2 (1, 1) 1.00 rojo 3 (2, 2) 25.00 verde 4 (5, 5) -9.00 azul 5 (30, 30) 8.00 amarillo 6 (20, 20) 22.00 verde 7 (3, 3) 30.00 amarillo 8 (5, 5) -15.00 azul 9 (50, 50) -6.00 azul 10 (10, 10) 10.00 rojo 11 (3, 3) 35.00 amarillo 12 (40, 40) 14.00 - 13 (4, 4) 13.00 -]

Preorden: 
[1 (2, 2) 25.00 verde 2 (1, 1) 1.00 rojo 3 (5, 5) -15.00 azul 4 (50, 50) -6.00 azul 5 (5, 5) -9.00 azul 6 (4, 4) 13.00 - 7 (30, 30) 8.00 amarillo 8 (10, 10) 10.00 rojo 9 (40, 40) 14.00 - 10 (20, 20) 22.00 verde 11 (4, 4) 15.00 - 12 (3, 3) 35.00 amarillo 13 (3, 3) 30.00 amarillo]
Postorden: 
[1 (5, 5) -9.00 azul 2 (50, 50) -6.00 azul 3 (5, 5) -15.00 azul 4 (10, 10) 10.00 rojo 5 (30, 30) 8.00 amarillo 6 (4, 4) 15.00 - 7 (20, 20) 22.00 verde 8 (40, 40) 14.00 - 9 (4, 4) 13.00 - 10 (1, 1) 1.00 rojo 11 (3, 3) 30.00 amarillo 12 (3, 3) 35.00 amarillo 13 (2, 2) 25.00 verde]
Inorden: 
[1 (5, 5) -15.00 azul 2 (5, 5) -9.00 azul 3 (50, 50) -6.00 azul 4 (1, 1) 1.00 rojo 5 (30, 30) 8.00 amarillo 6 (10, 10) 10.00 rojo 7 (4, 4) 13.00 - 8 (40, 40) 14.00 - 9 (4, 4) 15.00 - 10 (20, 20) 22.00 verde 11 (2, 2) 25.00 verde 12 (3, 3) 30.00 amarillo 13 (3, 3) 35.00 amarillo]
Niveles: 
[1 (2, 2) 25.00 verde 2 (1, 1) 1.00 rojo 3 (3, 3) 35.00 amarillo 4 (5, 5) -15.00 azul 5 (4, 4) 13.00 - 6 (3, 3) 30.00 amarillo 7 (50, 50) -6.00 azul 8 (30, 30) 8.00 amarillo 9 (40, 40) 14.00 - 10 (5, 5) -9.00 azul 11 (10, 10) 10.00 rojo 12 (20, 20) 22.00 verde 13 (4, 4) 15.00 -]

Preorden: 
[1 (2, 2) 25.00 verde 2 (1, 1) 1.00 rojo 3 (5, 5) -15.00 azul 4 (50, 50) -6.00 azul 5 (5, 5) -9.00 azul 6 (4, 4) 13.00 - 7 (30, 30) 8.00 amarillo 8 (10, 10) 10.00 rojo 9 (40, 40) 14.00 - 10 (20, 20) 22.00 verde 11 (4, 4) 15.00 - 12 (3, 3) 35.00 amarillo 13 (3, 3) 30.00 amarillo]
Postorden: 
[1 (5, 5) -9.00 azul 2 (50, 50) -6.00 azul 3 (5, 5) -15.00 azul 4 (10, 10) 10.00 rojo 5 (30, 30) 8.00 amarillo 6 (4, 4) 15.00 - 7 (20, 20) 22.00 verde 8 (40, 40) 14.00 - 9 (4, 4) 13.00 - 10 (1, 1) 1.00 rojo 11 (3, 3) 30.00 amarillo 12 (3, 3) 35.00 amarillo 13 (2, 2) 25.00 verde]
Inorden: 
[1 (5, 5) -15.00 azul 2 (5, 5) -9.00 azul 3 (50, 50) -6.00 azul 4 (1, 1) 1.00 rojo 5 (30, 30) 8.00 amarillo 6 (10, 10) 10.00 rojo 7 (4, 4) 13.00 - 8 (40, 40) 14.00 - 9 (4, 4) 15.00 - 10 (20, 20) 22.00 verde 11 (2, 2) 25.00 verde 12 (3, 3) 30.00 amarillo 13 (3, 3) 35.00 amarillo]
Niveles: 
[1 (2, 2) 25.00 verde 2 (1, 1) 1.00 rojo 3 (3, 3) 35.00 amarillo 4 (5, 5) -15.00 azul 5 (4, 4) 13.00 - 6 (3, 3) 30.00 amarillo 7 (50, 50) -6.00 azul 8 (30, 30) 8.00 amarillo 9 (40, 40) 14.00 - 10 (5, 5) -9.00 azul 11 (10, 10) 10.00 rojo 12 (20, 20) 22.00 verde 13 (4, 4) 15.00 -]
