[]
[]
[1 (1, 2) 5.00 rojo5 2 (1, 2) 2.00 rojo2 3 (1, 2) 1.00 rojo 4 (1, 2) 3.00 rojo3 5 (1, 2) 4.00 rojo4]
[1 (1, 2) 2.00 rojo2 2 (1, 2) 1.00 rojo 3 (1, 2) 3.00 rojo3 4 (1, 2) 4.00 rojo4]
[1 (1, 2) 1.00 rojo 2 (1, 2) 3.00 rojo3 3 (1, 2) 4.00 rojo4]
[1 (1, 2) 1.00 rojo 2 (1, 2) 4.00 rojo4]
[1 (1, 2) 4.00 rojo4]
[]

[1 (1, 2) 4.00 rojo4 2 (1, 2) 3.00 rojo3 3 (1, 2) 5.00 rojo5]
[1 (1, 2) 3.00 rojo3 2 (1, 2) 5.00 rojo5]
[1 (1, 2) 5.00 rojo5]
[]
[1 (1, 2) 4.00 rojo4 2 (1, 2) 2.00 rojo2 3 (1, 2) 6.00 rojo6 4 (1, 2) 1.00 rojo 5 (1, 2) 3.00 rojo3 6 (1, 2) 5.00 rojo5 7 (1, 2) 7.00 rojo7]
[1 (1, 2) 3.00 rojo3 2 (1, 2) 2.00 rojo2 3 (1, 2) 6.00 rojo6 4 (1, 2) 1.00 rojo 5 (1, 2) 5.00 rojo5 6 (1, 2) 7.00 rojo7]
[1 (1, 2) 2.00 rojo2 2 (1, 2) 1.00 rojo 3 (1, 2) 6.00 rojo6 4 (1, 2) 5.00 rojo5 5 (1, 2) 7.00 rojo7]
[1 (1, 2) 2.00 rojo2 2 (1, 2) 1.00 rojo 3 (1, 2) 6.00 rojo6 4 (1, 2) 5.00 rojo5]
[1 (1, 2) 2.00 rojo2 2 (1, 2) 1.00 rojo 3 (1, 2) 5.00 rojo5]
[1 (1, 2) 1.00 rojo 2 (1, 2) 5.00 rojo5]
[1 (1, 2) 5.00 rojo5]
[]
Borrados to bien
