Nodos arbol vacio: 0
[]

Nodos arbol hoja: 1
[1 (1, 2) 4.00 rojo4]

Nodos arbol con 2 hojas: 2
[1 (1, 2) 4.00 rojo4 2 (1, 2) 3.00 rojo3 3 (1, 2) 5.00 rojo5]

Nodos arbol +complejo: 2
[1 (1, 2) 4.00 rojo4 2 (1, 2) 3.00 rojo3 3 (1, 2) 5.00 rojo5 4 (1, 2) 2.00 rojo2]

Nodos arbol ++complejo: 2
[1 (1, 2) 4.00 rojo4 2 (1, 2) 3.00 rojo3 3 (1, 2) 5.00 rojo5 4 (1, 2) 2.00 rojo2 5 (1, 2) 7.00 rojo7]

Nodos arbol +++complejo: 2
[1 (1, 2) 4.00 rojo4 2 (1, 2) 3.00 rojo3 3 (1, 2) 5.00 rojo5 4 (1, 2) 2.00 rojo2 5 (1, 2) 7.00 rojo7 6 (1, 2) 6.00 rojo6]

Nodos arbol ++++complejo: 2
[1 (1, 2) 4.00 rojo4 2 (1, 2) 3.00 rojo3 3 (1, 2) 5.00 rojo5 4 (1, 2) 2.00 rojo2 5 (1, 2) 7.00 rojo7 6 (1, 2) 1.00 rojo 7 (1, 2) 6.00 rojo6]

Nodos arbol complejo: 3
[1 (1, 2) 4.00 rojo4 2 (1, 2) 3.00 rojo3 3 (1, 2) 5.00 rojo5 4 (1, 2) 2.00 rojo2 5 (1, 2) 7.00 rojo7 6 (1, 2) 1.00 rojo 7 (1, 2) 6.00 rojo6 8 (1, 2) 8.00 rojo8]

Nodos arbol complejo: 3
[1 (1, 2) 4.00 rojo4 2 (1, 2) 3.00 rojo3 3 (1, 2) 5.00 rojo5 4 (1, 2) 2.00 rojo2 5 (1, 2) 7.00 rojo7 6 (1, 2) 1.00 rojo 7 (1, 2) 6.00 rojo6 8 (1, 2) 8.00 rojo8 9 (1, 2) 12.00 rojo12]

Nodos arbol complejo: 3
[1 (1, 2) 4.00 rojo4 2 (1, 2) 3.00 rojo3 3 (1, 2) 5.00 rojo5 4 (1, 2) 2.00 rojo2 5 (1, 2) 7.00 rojo7 6 (1, 2) 1.00 rojo 7 (1, 2) 6.00 rojo6 8 (1, 2) 8.00 rojo8 9 (1, 2) 12.00 rojo12 10 (1, 2) 10.00 rojo10]

Nodos arbol complejo: 4
[1 (1, 2) 4.00 rojo4 2 (1, 2) 3.00 rojo3 3 (1, 2) 5.00 rojo5 4 (1, 2) 2.00 rojo2 5 (1, 2) 7.00 rojo7 6 (1, 2) 1.00 rojo 7 (1, 2) 6.00 rojo6 8 (1, 2) 8.00 rojo8 9 (1, 2) 12.00 rojo12 10 (1, 2) 10.00 rojo10 11 (1, 2) 9.00 rojo9 12 (1, 2) 11.00 rojo11]

Nodos arbol complejo: 6
[1 (1, 2) 4.00 rojo4 2 (1, 2) 3.00 rojo3 3 (1, 2) 5.00 rojo5 4 (1, 2) 2.00 rojo2 5 (1, 2) 3.50 rojo3.5 6 (1, 2) 7.00 rojo7 7 (1, 2) 1.00 rojo 8 (1, 2) 2.50 rojo2.5 9 (1, 2) 6.00 rojo6 10 (1, 2) 8.00 rojo8 11 (1, 2) 12.00 rojo12 12 (1, 2) 10.00 rojo10 13 (1, 2) 9.00 rojo9 14 (1, 2) 11.00 rojo11]

Contados to bien
