Preorden: 
[1 (4, 4) 15.00 - 2 (1, 1) 1.00 rojo 3 (5, 5) -9.00 azul 4 (2, 2) 25.00 verde 5 (3, 3) 30.00 amarillo]
Postorden: 
[1 (5, 5) -9.00 azul 2 (1, 1) 1.00 rojo 3 (3, 3) 30.00 amarillo 4 (2, 2) 25.00 verde 5 (4, 4) 15.00 -]
Inorden: 
[1 (5, 5) -9.00 azul 2 (1, 1) 1.00 rojo 3 (4, 4) 15.00 - 4 (2, 2) 25.00 verde 5 (3, 3) 30.00 amarillo]
Niveles: 
[1 (4, 4) 15.00 - 2 (1, 1) 1.00 rojo 3 (2, 2) 25.00 verde 4 (5, 5) -9.00 azul 5 (3, 3) 30.00 amarillo]

Preorden: 
[1 (4, 4) 15.00 - 2 (1, 1) 1.00 rojo 3 (5, 5) -9.00 azul 4 (50, 50) -90.00 azul 5 (10, 10) 10.00 rojo 6 (2, 2) 25.00 verde 7 (3, 3) 30.00 amarillo 8 (40, 40) 150.00 - 9 (20, 20) 250.00 verde 10 (30, 30) 300.00 amarillo]
Postorden: 
[1 (50, 50) -90.00 azul 2 (5, 5) -9.00 azul 3 (10, 10) 10.00 rojo 4 (1, 1) 1.00 rojo 5 (30, 30) 300.00 amarillo 6 (20, 20) 250.00 verde 7 (40, 40) 150.00 - 8 (3, 3) 30.00 amarillo 9 (2, 2) 25.00 verde 10 (4, 4) 15.00 -]
Inorden: 
[1 (50, 50) -90.00 azul 2 (5, 5) -9.00 azul 3 (1, 1) 1.00 rojo 4 (10, 10) 10.00 rojo 5 (4, 4) 15.00 - 6 (2, 2) 25.00 verde 7 (3, 3) 30.00 amarillo 8 (40, 40) 150.00 - 9 (20, 20) 250.00 verde 10 (30, 30) 300.00 amarillo]
Niveles: 
[1 (4, 4) 15.00 - 2 (1, 1) 1.00 rojo 3 (2, 2) 25.00 verde 4 (5, 5) -9.00 azul 5 (10, 10) 10.00 rojo 6 (3, 3) 30.00 amarillo 7 (50, 50) -90.00 azul 8 (40, 40) 150.00 - 9 (20, 20) 250.00 verde 10 (30, 30) 300.00 amarillo]

Preorden: 
[1 (4, 4) 15.00 - 2 (1, 1) 1.00 rojo 3 (5, 5) -9.00 azul 4 (50, 50) -90.00 azul 5 (10, 10) 10.00 rojo 6 (2, 2) 25.00 verde 7 (3, 3) 30.00 amarillo 8 (40, 40) 150.00 - 9 (20, 20) 250.00 verde 10 (30, 30) 300.00 amarillo]
Postorden: 
[1 (50, 50) -90.00 azul 2 (5, 5) -9.00 azul 3 (10, 10) 10.00 rojo 4 (1, 1) 1.00 rojo 5 (30, 30) 300.00 amarillo 6 (20, 20) 250.00 verde 7 (40, 40) 150.00 - 8 (3, 3) 30.00 amarillo 9 (2, 2) 25.00 verde 10 (4, 4) 15.00 -]
Inorden: 
[1 (50, 50) -90.00 azul 2 (5, 5) -9.00 azul 3 (1, 1) 1.00 rojo 4 (10, 10) 10.00 rojo 5 (4, 4) 15.00 - 6 (2, 2) 25.00 verde 7 (3, 3) 30.00 amarillo 8 (40, 40) 150.00 - 9 (20, 20) 250.00 verde 10 (30, 30) 300.00 amarillo]
Niveles: 
[1 (4, 4) 15.00 - 2 (1, 1) 1.00 rojo 3 (2, 2) 25.00 verde 4 (5, 5) -9.00 azul 5 (10, 10) 10.00 rojo 6 (3, 3) 30.00 amarillo 7 (50, 50) -90.00 azul 8 (40, 40) 150.00 - 9 (20, 20) 250.00 verde 10 (30, 30) 300.00 amarillo]

Preorden: 
[1 (4, 4) 15.00 - 2 (1, 1) 1.00 rojo 3 (5, 5) -9.00 azul 4 (50, 50) -90.00 azul 5 (10, 10) 10.00 rojo 6 (2, 2) 25.00 verde 7 (3, 3) 30.00 amarillo 8 (40, 40) 150.00 - 9 (20, 20) 250.00 verde 10 (30, 30) 300.00 amarillo]
Postorden: 
[1 (50, 50) -90.00 azul 2 (5, 5) -9.00 azul 3 (10, 10) 10.00 rojo 4 (1, 1) 1.00 rojo 5 (30, 30) 300.00 amarillo 6 (20, 20) 250.00 verde 7 (40, 40) 150.00 - 8 (3, 3) 30.00 amarillo 9 (2, 2) 25.00 verde 10 (4, 4) 15.00 -]
Inorden: 
[1 (50, 50) -90.00 azul 2 (5, 5) -9.00 azul 3 (1, 1) 1.00 rojo 4 (10, 10) 10.00 rojo 5 (4, 4) 15.00 - 6 (2, 2) 25.00 verde 7 (3, 3) 30.00 amarillo 8 (40, 40) 150.00 - 9 (20, 20) 250.00 verde 10 (30, 30) 300.00 amarillo]
Niveles: 
[1 (4, 4) 15.00 - 2 (1, 1) 1.00 rojo 3 (2, 2) 25.00 verde 4 (5, 5) -9.00 azul 5 (10, 10) 10.00 rojo 6 (3, 3) 30.00 amarillo 7 (50, 50) -90.00 azul 8 (40, 40) 150.00 - 9 (20, 20) 250.00 verde 10 (30, 30) 300.00 amarillo]

Preorden: 
[]
Postorden: 
[]
Inorden: 
[]
Niveles: 
[]

Preorden: 
[1 (5, 5) -9.00 azul 2 (1, 1) 1.00 rojo 3 (4, 4) 15.00 - 4 (2, 2) 25.00 verde 5 (3, 3) 30.00 amarillo]
Postorden: 
[1 (3, 3) 30.00 amarillo 2 (2, 2) 25.00 verde 3 (4, 4) 15.00 - 4 (1, 1) 1.00 rojo 5 (5, 5) -9.00 azul]
Inorden: 
[1 (5, 5) -9.00 azul 2 (1, 1) 1.00 rojo 3 (4, 4) 15.00 - 4 (2, 2) 25.00 verde 5 (3, 3) 30.00 amarillo]
Niveles: 
[1 (5, 5) -9.00 azul 2 (1, 1) 1.00 rojo 3 (4, 4) 15.00 - 4 (2, 2) 25.00 verde 5 (3, 3) 30.00 amarillo]

Preorden: 
[1 (4, 4) 15.00 - 2 (1, 1) 1.00 rojo 3 (5, 5) -9.00 azul 4 (2, 2) 25.00 verde 5 (3, 3) 30.00 amarillo]
Postorden: 
[1 (5, 5) -9.00 azul 2 (1, 1) 1.00 rojo 3 (3, 3) 30.00 amarillo 4 (2, 2) 25.00 verde 5 (4, 4) 15.00 -]
Inorden: 
[1 (5, 5) -9.00 azul 2 (1, 1) 1.00 rojo 3 (4, 4) 15.00 - 4 (2, 2) 25.00 verde 5 (3, 3) 30.00 amarillo]
Niveles: 
[1 (4, 4) 15.00 - 2 (1, 1) 1.00 rojo 3 (2, 2) 25.00 verde 4 (5, 5) -9.00 azul 5 (3, 3) 30.00 amarillo]

Preorden: 
[1 (4, 4) 15.00 - 2 (1, 1) 1.00 rojo 3 (5, 5) -9.00 azul 4 (2, 2) 25.00 verde 5 (3, 3) 30.00 amarillo]
Postorden: 
[1 (5, 5) -9.00 azul 2 (1, 1) 1.00 rojo 3 (3, 3) 30.00 amarillo 4 (2, 2) 25.00 verde 5 (4, 4) 15.00 -]
Inorden: 
[1 (5, 5) -9.00 azul 2 (1, 1) 1.00 rojo 3 (4, 4) 15.00 - 4 (2, 2) 25.00 verde 5 (3, 3) 30.00 amarillo]
Niveles: 
[1 (4, 4) 15.00 - 2 (1, 1) 1.00 rojo 3 (2, 2) 25.00 verde 4 (5, 5) -9.00 azul 5 (3, 3) 30.00 amarillo]

Ostream: a4=a1+a2: 
[1 (4, 4) 15.00 - 2 (1, 1) 1.00 rojo 3 (2, 2) 25.00 verde 4 (5, 5) -9.00 azul 5 (3, 3) 30.00 amarillo]
