Preorden: 
[1 (5, 5) -9.00 azul 2 (4, 4) 15.00 - 3 (3, 3) 30.00 amarillo]
Postorden: 
[1 (3, 3) 30.00 amarillo 2 (4, 4) 15.00 - 3 (5, 5) -9.00 azul]
Inorden: 
[1 (5, 5) -9.00 azul 2 (4, 4) 15.00 - 3 (3, 3) 30.00 amarillo]
Niveles: 
[1 (5, 5) -9.00 azul 2 (4, 4) 15.00 - 3 (3, 3) 30.00 amarillo]

Preorden: 
[1 (5, 5) -9.00 azul 2 (1, 1) 1.00 rojo 3 (4, 4) 15.00 - 4 (2, 2) 25.00 verde 5 (3, 3) 30.00 amarillo]
Postorden: 
[1 (3, 3) 30.00 amarillo 2 (2, 2) 25.00 verde 3 (4, 4) 15.00 - 4 (1, 1) 1.00 rojo 5 (5, 5) -9.00 azul]
Inorden: 
[1 (5, 5) -9.00 azul 2 (1, 1) 1.00 rojo 3 (4, 4) 15.00 - 4 (2, 2) 25.00 verde 5 (3, 3) 30.00 amarillo]
Niveles: 
[1 (5, 5) -9.00 azul 2 (1, 1) 1.00 rojo 3 (4, 4) 15.00 - 4 (2, 2) 25.00 verde 5 (3, 3) 30.00 amarillo]

Preorden: 
[1 (5, 5) -15.00 azul 2 (1, 1) 1.00 rojo 3 (4, 4) 13.00 - 4 (2, 2) 25.00 verde 5 (3, 3) 35.00 amarillo]
Postorden: 
[1 (3, 3) 35.00 amarillo 2 (2, 2) 25.00 verde 3 (4, 4) 13.00 - 4 (1, 1) 1.00 rojo 5 (5, 5) -15.00 azul]
Inorden: 
[1 (5, 5) -15.00 azul 2 (1, 1) 1.00 rojo 3 (4, 4) 13.00 - 4 (2, 2) 25.00 verde 5 (3, 3) 35.00 amarillo]
Niveles: 
[1 (5, 5) -15.00 azul 2 (1, 1) 1.00 rojo 3 (4, 4) 13.00 - 4 (2, 2) 25.00 verde 5 (3, 3) 35.00 amarillo]

Preorden: 
[1 (5, 5) -9.00 azul 2 (4, 4) 15.00 - 3 (3, 3) 30.00 amarillo]
Postorden: 
[1 (3, 3) 30.00 amarillo 2 (4, 4) 15.00 - 3 (5, 5) -9.00 azul]
Inorden: 
[1 (5, 5) -9.00 azul 2 (4, 4) 15.00 - 3 (3, 3) 30.00 amarillo]
Niveles: 
[1 (5, 5) -9.00 azul 2 (4, 4) 15.00 - 3 (3, 3) 30.00 amarillo]

Preorden: 
[1 (5, 5) -9.00 azul 2 (4, 4) 15.00 - 3 (3, 3) 30.00 amarillo]
Postorden: 
[1 (3, 3) 30.00 amarillo 2 (4, 4) 15.00 - 3 (5, 5) -9.00 azul]
Inorden: 
[1 (5, 5) -9.00 azul 2 (4, 4) 15.00 - 3 (3, 3) 30.00 amarillo]
Niveles: 
[1 (5, 5) -9.00 azul 2 (4, 4) 15.00 - 3 (3, 3) 30.00 amarillo]

Preorden: 
[1 (5, 5) -15.00 azul 2 (4, 4) 13.00 - 3 (3, 3) 35.00 amarillo]
Postorden: 
[1 (3, 3) 35.00 amarillo 2 (4, 4) 13.00 - 3 (5, 5) -15.00 azul]
Inorden: 
[1 (5, 5) -15.00 azul 2 (4, 4) 13.00 - 3 (3, 3) 35.00 amarillo]
Niveles: 
[1 (5, 5) -15.00 azul 2 (4, 4) 13.00 - 3 (3, 3) 35.00 amarillo]

Preorden: 
[1 (5, 5) -15.00 azul 2 (4, 4) 13.00 - 3 (3, 3) 35.00 amarillo]
Postorden: 
[1 (3, 3) 35.00 amarillo 2 (4, 4) 13.00 - 3 (5, 5) -15.00 azul]
Inorden: 
[1 (5, 5) -15.00 azul 2 (4, 4) 13.00 - 3 (3, 3) 35.00 amarillo]
Niveles: 
[1 (5, 5) -15.00 azul 2 (4, 4) 13.00 - 3 (3, 3) 35.00 amarillo]

Preorden: 
[]
Postorden: 
[]
Inorden: 
[]
Niveles: 
[]

Preorden: 
[]
Postorden: 
[]
Inorden: 
[]
Niveles: 
[]

Preorden: 
[]
Postorden: 
[]
Inorden: 
[]
Niveles: 
[]

Preorden: 
[]
Postorden: 
[]
Inorden: 
[]
Niveles: 
[]

Ostream: a4=a1-a2: 
[1 (5, 5) -9.00 azul 2 (4, 4) 15.00 - 3 (3, 3) 30.00 amarillo]
